<?xml version='1.0' encoding='UTF-8' ?>
<testsuite name="com.example.notes.ExampleInstrumentedTest" tests="1" failures="0" errors="0" skipped="0" time="0.252" timestamp="2023-10-08T13:12:05" hostname="localhost">
  <properties>
    <property name="device" value="Pixel_XL_API_34(AVD) - 14" />
    <property name="flavor" value="" />
    <property name="project" value=":app" />
  </properties>
  <testcase name="useAppContext" classname="com.example.notes.ExampleInstrumentedTest" time="0.016" />
</testsuite>